<?xml version='1.0' encoding='UTF-8'?>
<testsuite hostname="christian-pc" name="streams.BloxorzSuite" tests="6" errors="0" failures="0" skipped="0" time="0.069" timestamp="2020-07-03T15:27:55">
                     <properties>
[...]
</properties>
                     <testcase classname="streams.BloxorzSuite" name="find char level 1 (10pts)" time="0.014">
                                                 
                                               </testcase><testcase classname="streams.BloxorzSuite" name="terrain function level 1 (10pts)" time="0.008">
                                                 
                                               </testcase><testcase classname="streams.BloxorzSuite" name="neighborsWithHistory level 1" time="0.004">
                                                 
                                               </testcase><testcase classname="streams.BloxorzSuite" name="newNeighborsOnly" time="0.003">
                                                 
                                               </testcase><testcase classname="streams.BloxorzSuite" name="optimal solution length for level 1 (5pts)" time="0.027">
                                                 
                                               </testcase><testcase classname="streams.BloxorzSuite" name="optimal solution for level 1 (5pts)" time="0.013">
                                                 
                                               </testcase>
                     <system-out><![CDATA[]]></system-out>
                     <system-err><![CDATA[]]></system-err>
                   </testsuite>